TN:
SF:apps/api/src/app.ts
FN:20,createApp
FNF:1
FNH:1
FNDA:2,createApp
DA:1,1
DA:20,1
DA:21,2
DA:22,2
DA:23,0
DA:24,0
DA:25,0
DA:27,2
DA:28,2
DA:29,2
DA:30,2
DA:31,2
DA:32,2
DA:34,2
DA:35,2
DA:36,2
DA:37,2
DA:39,2
DA:40,1
DA:41,1
DA:42,1
DA:43,1
DA:44,1
DA:45,1
DA:46,2
DA:48,2
DA:49,2
DA:50,2
DA:51,2
DA:52,2
DA:53,0
DA:54,0
DA:55,2
DA:57,2
DA:58,1
DA:59,1
DA:60,1
DA:61,1
DA:62,1
DA:63,1
DA:64,0
DA:65,0
DA:66,0
DA:67,0
DA:68,0
DA:69,0
DA:70,0
DA:71,0
DA:72,1
DA:73,1
DA:74,1
DA:75,1
DA:76,0
DA:77,0
DA:78,2
DA:80,2
DA:81,1
DA:82,1
DA:83,1
DA:84,1
DA:85,1
DA:86,1
DA:87,1
DA:88,5
DA:89,5
DA:90,5
DA:91,1
DA:92,1
DA:93,2
DA:95,2
DA:96,0
DA:97,0
DA:98,0
DA:99,0
DA:100,0
DA:101,0
DA:102,0
DA:103,0
DA:104,2
DA:106,2
DA:107,1
DA:108,1
DA:109,1
DA:110,1
DA:111,0
DA:112,0
DA:113,2
DA:115,2
DA:116,1
DA:117,1
DA:118,1
DA:119,1
DA:120,1
DA:121,1
DA:122,0
DA:123,0
DA:124,2
DA:126,2
DA:127,1
DA:128,1
DA:129,1
DA:130,1
DA:131,0
DA:132,0
DA:133,2
DA:135,2
DA:136,0
DA:137,2
DA:139,2
DA:140,1
DA:141,1
DA:142,1
DA:143,1
DA:144,1
DA:145,1
DA:146,0
DA:147,0
DA:148,2
DA:150,2
DA:151,2
DA:152,2
DA:153,2
DA:154,2
DA:155,1
DA:156,1
DA:157,2
DA:159,2
DA:160,1
DA:161,1
DA:162,2
DA:164,2
DA:165,0
DA:166,0
DA:167,2
DA:169,2
DA:170,0
DA:171,0
DA:172,0
DA:173,0
DA:174,0
DA:175,0
DA:176,0
DA:177,0
DA:178,0
DA:179,0
DA:180,0
DA:181,0
DA:182,0
DA:183,0
DA:184,2
DA:186,2
DA:187,1
DA:188,2
DA:190,2
DA:191,2
LF:155
LH:107
BRDA:20,0,0,2
BRDA:21,1,0,0
BRDA:22,2,0,0
BRDA:39,3,0,1
BRDA:48,4,0,2
BRDA:52,5,0,0
BRDA:57,6,0,1
BRDA:63,7,0,0
BRDA:75,8,0,0
BRDA:80,9,0,1
BRDA:87,10,0,5
BRDA:106,11,0,1
BRDA:110,12,0,0
BRDA:115,13,0,1
BRDA:117,14,0,0
BRDA:118,15,0,0
BRDA:121,16,0,0
BRDA:126,17,0,1
BRDA:130,18,0,0
BRDA:139,19,0,1
BRDA:142,20,0,0
BRDA:145,21,0,0
BRDA:150,22,0,2
BRDA:154,23,0,1
BRDA:159,24,0,1
BRDA:186,25,0,1
BRF:26
BRH:14
end_of_record
TN:
SF:apps/api/src/index.ts
FN:1,(empty-report)
FNF:1
FNH:0
FNDA:0,(empty-report)
DA:1,0
DA:3,0
DA:4,0
DA:6,0
DA:7,0
DA:8,0
DA:9,0
LF:7
LH:0
BRDA:1,0,0,0
BRF:1
BRH:0
end_of_record
TN:
SF:apps/api/src/seed.ts
FN:1,(empty-report)
FNF:1
FNH:0
FNDA:0,(empty-report)
DA:1,0
DA:6,0
DA:7,0
DA:8,0
DA:9,0
DA:10,0
DA:11,0
DA:12,0
DA:14,0
DA:15,0
DA:16,0
DA:17,0
DA:19,0
DA:20,0
DA:21,0
DA:22,0
LF:16
LH:0
BRDA:1,0,0,0
BRF:1
BRH:0
end_of_record
TN:
SF:apps/api/src/services.ts
FN:23,IngestService
FN:29,ingestFromMock
FN:34,ingestRecording
FN:41,ingestUpload
FN:47,persistRaw
FN:81,MatchService
FN:83,runMatch
FN:140,confirmMatch
FN:166,ExtractService
FN:168,extract
FN:243,ReviewService
FN:245,decide
FN:285,listReviewQueue
FN:299,ApplyService
FN:301,apply
FNF:15
FNH:13
FNDA:2,IngestService
FNDA:2,ingestFromMock
FNDA:0,ingestRecording
FNDA:1,ingestUpload
FNDA:11,persistRaw
FNDA:2,MatchService
FNDA:1,runMatch
FNDA:1,confirmMatch
FNDA:2,ExtractService
FNDA:1,extract
FNDA:2,ReviewService
FNDA:1,decide
FNDA:0,listReviewQueue
FNDA:2,ApplyService
FNDA:2,apply
DA:1,1
DA:22,1
DA:23,1
DA:24,2
DA:25,2
DA:26,2
DA:27,2
DA:29,1
DA:30,2
DA:31,2
DA:32,2
DA:34,1
DA:35,0
DA:36,0
DA:37,0
DA:38,0
DA:39,0
DA:41,1
DA:42,1
DA:43,1
DA:44,1
DA:45,1
DA:47,1
DA:48,11
DA:49,11
DA:50,11
DA:51,11
DA:52,11
DA:53,11
DA:54,11
DA:55,11
DA:56,11
DA:57,11
DA:58,11
DA:59,11
DA:60,11
DA:61,11
DA:62,11
DA:63,11
DA:64,11
DA:65,11
DA:66,11
DA:67,11
DA:68,11
DA:69,11
DA:70,11
DA:71,11
DA:72,11
DA:73,11
DA:74,11
DA:75,11
DA:76,11
DA:77,11
DA:78,1
DA:80,1
DA:81,1
DA:83,1
DA:84,1
DA:85,1
DA:86,1
DA:87,1
DA:89,1
DA:90,1
DA:91,1
DA:92,1
DA:93,1
DA:94,1
DA:95,1
DA:96,1
DA:97,1
DA:98,1
DA:99,1
DA:100,1
DA:101,1
DA:103,1
DA:104,1
DA:105,1
DA:106,1
DA:107,1
DA:108,1
DA:109,1
DA:110,1
DA:111,1
DA:112,1
DA:113,0
DA:114,0
DA:115,0
DA:116,0
DA:117,0
DA:118,0
DA:119,0
DA:120,1
DA:121,1
DA:122,1
DA:123,1
DA:124,1
DA:125,1
DA:126,1
DA:128,1
DA:129,1
DA:130,1
DA:131,1
DA:132,1
DA:133,1
DA:134,1
DA:135,1
DA:136,1
DA:137,1
DA:138,1
DA:140,1
DA:141,1
DA:142,1
DA:143,1
DA:144,1
DA:146,1
DA:147,1
DA:148,1
DA:149,1
DA:150,1
DA:151,1
DA:152,1
DA:153,1
DA:154,1
DA:155,1
DA:156,1
DA:157,1
DA:158,1
DA:159,1
DA:160,1
DA:161,1
DA:162,1
DA:163,1
DA:165,1
DA:166,1
DA:168,1
DA:169,1
DA:170,1
DA:171,1
DA:172,1
DA:173,0
DA:174,0
DA:175,1
DA:176,1
DA:178,1
DA:179,1
DA:180,1
DA:181,1
DA:183,1
DA:184,1
DA:185,1
DA:186,1
DA:187,1
DA:188,1
DA:189,1
DA:191,1
DA:192,1
DA:193,1
DA:194,1
DA:195,1
DA:196,1
DA:197,1
DA:199,1
DA:200,1
DA:201,1
DA:202,7
DA:203,7
DA:204,1
DA:206,1
DA:207,1
DA:208,1
DA:209,1
DA:210,1
DA:211,1
DA:212,1
DA:213,1
DA:215,1
DA:216,1
DA:217,1
DA:218,1
DA:219,1
DA:220,1
DA:221,1
DA:222,1
DA:223,1
DA:224,1
DA:226,1
DA:227,1
DA:228,1
DA:229,1
DA:230,1
DA:231,1
DA:232,1
DA:233,1
DA:234,1
DA:235,1
DA:237,1
DA:238,1
DA:239,1
DA:240,1
DA:242,1
DA:243,1
DA:245,1
DA:246,1
DA:247,1
DA:248,1
DA:249,1
DA:250,1
DA:251,1
DA:253,1
DA:254,1
DA:255,4
DA:256,4
DA:257,4
DA:258,4
DA:259,4
DA:260,1
DA:262,1
DA:263,1
DA:264,1
DA:265,1
DA:267,1
DA:268,1
DA:269,1
DA:270,1
DA:271,1
DA:272,1
DA:274,1
DA:275,1
DA:276,1
DA:277,1
DA:278,1
DA:279,1
DA:280,1
DA:282,1
DA:283,1
DA:285,1
DA:286,0
DA:287,0
DA:288,0
DA:289,0
DA:290,0
DA:291,0
DA:292,0
DA:293,0
DA:294,0
DA:295,0
DA:296,1
DA:298,1
DA:299,1
DA:301,1
DA:302,2
DA:303,1
DA:304,1
DA:306,1
DA:307,2
DA:308,1
DA:309,2
DA:310,2
DA:311,0
DA:312,0
DA:314,1
DA:315,1
DA:317,2
DA:318,7
DA:319,7
DA:320,7
DA:321,7
DA:323,1
DA:324,1
DA:326,1
DA:327,1
DA:328,1
DA:329,1
DA:330,2
DA:331,2
DA:332,2
DA:333,2
DA:335,2
DA:336,2
DA:337,2
DA:338,2
DA:339,2
DA:340,2
DA:341,2
DA:342,2
DA:343,2
DA:345,2
DA:346,2
DA:347,1
LF:289
LH:263
BRDA:23,0,0,2
BRDA:29,1,0,2
BRDA:31,2,0,10
BRDA:41,3,0,1
BRDA:43,4,0,0
BRDA:47,5,0,11
BRDA:81,6,0,2
BRDA:83,7,0,1
BRDA:85,8,0,0
BRDA:87,9,0,0
BRDA:108,10,0,0
BRDA:109,11,0,0
BRDA:110,12,0,0
BRDA:111,13,0,0
BRDA:112,14,0,0
BRDA:120,15,0,0
BRDA:121,16,0,0
BRDA:122,17,0,0
BRDA:140,18,0,1
BRDA:142,19,0,0
BRDA:144,20,0,0
BRDA:143,21,0,1
BRDA:166,22,0,2
BRDA:168,23,0,1
BRDA:170,24,0,0
BRDA:172,25,0,0
BRDA:176,26,0,0
BRDA:186,27,0,0
BRDA:187,28,0,0
BRDA:188,29,0,0
BRDA:201,30,0,7
BRDA:180,31,0,1
BRDA:181,32,0,1
BRDA:243,33,0,2
BRDA:245,34,0,1
BRDA:251,35,0,0
BRDA:254,36,0,4
BRDA:265,37,0,0
BRDA:262,38,0,7
BRDA:263,39,0,7
BRDA:299,40,0,2
BRDA:301,41,0,2
BRDA:302,42,0,1
BRDA:307,43,0,0
BRDA:307,44,0,1
BRDA:309,45,0,0
BRDA:309,46,0,1
BRDA:310,47,0,0
BRDA:310,48,0,0
BRDA:312,49,0,1
BRDA:317,50,0,7
BRDA:318,51,0,4
BRDA:318,52,0,3
BRDA:318,53,0,4
BRDA:319,54,0,0
BRDA:321,55,0,1
BRDA:330,56,0,0
BRF:57
BRH:30
end_of_record
TN:
SF:apps/api/src/store.ts
FN:114,createInMemoryStore
FN:127,saveRecording
FN:132,getRecording
FN:135,getRecordingByProviderId
FN:139,listRecordings
FN:145,updateRecordingStatus
FN:151,saveTranscript
FN:155,getTranscriptByRecording
FN:158,saveMatch
FN:162,getMatchByRecording
FN:165,saveAiRun
FN:169,saveExtraction
FN:174,getExtractionByRecording
FN:178,getExtraction
FN:181,updateExtraction
FN:185,addAudit
FN:194,listAudit
FN:197,saveConsent
FN:202,isApplied
FN:205,markApplied
FNF:20
FNH:18
FNDA:2,createInMemoryStore
FNDA:11,saveRecording
FNDA:3,getRecording
FNDA:1,getRecordingByProviderId
FNDA:1,listRecordings
FNDA:4,updateRecordingStatus
FNDA:11,saveTranscript
FNDA:8,getTranscriptByRecording
FNDA:2,saveMatch
FNDA:7,getMatchByRecording
FNDA:1,saveAiRun
FNDA:1,saveExtraction
FNDA:1,getExtractionByRecording
FNDA:1,getExtraction
FNDA:1,updateExtraction
FNDA:15,addAudit
FNDA:0,listAudit
FNDA:0,saveConsent
FNDA:2,isApplied
FNDA:1,markApplied
DA:1,1
DA:114,1
DA:115,2
DA:116,2
DA:117,2
DA:118,2
DA:119,2
DA:120,2
DA:121,2
DA:122,2
DA:123,2
DA:124,2
DA:126,2
DA:127,2
DA:128,11
DA:129,11
DA:130,11
DA:131,11
DA:132,2
DA:133,3
DA:134,3
DA:135,2
DA:136,1
DA:137,1
DA:138,1
DA:139,2
DA:140,1
DA:141,1
DA:142,1
DA:143,1
DA:144,1
DA:145,2
DA:146,4
DA:147,4
DA:148,4
DA:149,4
DA:150,4
DA:151,2
DA:152,11
DA:153,11
DA:154,11
DA:155,2
DA:156,8
DA:157,8
DA:158,2
DA:159,2
DA:160,2
DA:161,2
DA:162,2
DA:163,7
DA:164,7
DA:165,2
DA:166,1
DA:167,1
DA:168,1
DA:169,2
DA:170,1
DA:171,1
DA:172,1
DA:173,1
DA:174,2
DA:175,1
DA:176,1
DA:177,1
DA:178,2
DA:179,1
DA:180,1
DA:181,2
DA:182,1
DA:183,1
DA:184,1
DA:185,2
DA:186,15
DA:187,15
DA:188,15
DA:189,15
DA:190,15
DA:191,15
DA:192,15
DA:193,15
DA:194,2
DA:195,0
DA:196,0
DA:197,2
DA:198,0
DA:199,0
DA:200,0
DA:201,0
DA:202,2
DA:203,2
DA:204,2
DA:205,2
DA:206,1
DA:207,1
DA:208,2
DA:209,2
LF:96
LH:90
BRDA:114,0,0,2
BRDA:127,1,0,11
BRDA:132,2,0,3
BRDA:135,3,0,1
BRDA:137,4,0,0
BRDA:139,5,0,1
BRDA:141,6,0,5
BRDA:141,7,0,0
BRDA:142,8,0,5
BRDA:142,9,0,0
BRDA:143,10,0,6
BRDA:145,11,0,4
BRDA:147,12,0,0
BRDA:151,13,0,11
BRDA:155,14,0,8
BRDA:158,15,0,2
BRDA:162,16,0,7
BRDA:165,17,0,1
BRDA:169,18,0,1
BRDA:174,19,0,1
BRDA:176,20,0,0
BRDA:178,21,0,1
BRDA:181,22,0,1
BRDA:185,23,0,15
BRDA:202,24,0,2
BRDA:205,25,0,1
BRF:26
BRH:21
end_of_record
TN:
SF:packages/crm/src/index.ts
FN:39,<instance_members_initializer>
FN:46,MockCrmAdapter
FN:54,listProperties
FN:58,getProperty
FN:62,listContacts
FN:67,listAppointments
FN:72,listUsers
FN:76,getProposalDraft
FN:80,applyProposalFields
FN:87,addTimelineEvent
FN:97,listTimeline
FN:104,getCrmAdapter
FN:109,resetCrmAdapter
FNF:13
FNH:13
FNDA:2,<instance_members_initializer>
FNDA:2,MockCrmAdapter
FNDA:8,listProperties
FNDA:1,getProperty
FNDA:3,listContacts
FNDA:3,listAppointments
FNDA:2,listUsers
FNDA:1,getProposalDraft
FNDA:1,applyProposalFields
FNDA:1,addTimelineEvent
FNDA:1,listTimeline
FNDA:4,getCrmAdapter
FNDA:1,resetCrmAdapter
DA:1,1
DA:6,1
DA:7,1
DA:38,1
DA:39,1
DA:40,2
DA:41,2
DA:42,2
DA:43,2
DA:44,2
DA:46,1
DA:47,2
DA:48,2
DA:49,2
DA:50,2
DA:51,2
DA:52,2
DA:54,1
DA:55,8
DA:56,8
DA:58,1
DA:59,1
DA:60,1
DA:62,1
DA:63,3
DA:64,3
DA:65,3
DA:67,1
DA:68,3
DA:69,3
DA:70,3
DA:72,1
DA:73,2
DA:74,2
DA:76,1
DA:77,1
DA:78,1
DA:80,1
DA:81,1
DA:82,1
DA:83,1
DA:84,1
DA:85,1
DA:87,1
DA:88,1
DA:89,1
DA:90,1
DA:91,1
DA:92,1
DA:93,1
DA:94,1
DA:95,1
DA:97,1
DA:98,1
DA:99,1
DA:100,1
DA:102,1
DA:104,1
DA:105,4
DA:106,4
DA:107,4
DA:109,1
DA:110,1
DA:111,1
LF:64
LH:64
BRDA:39,0,0,2
BRDA:46,1,0,2
BRDA:54,2,0,8
BRDA:55,3,0,40
BRDA:58,4,0,1
BRDA:59,5,0,1
BRDA:62,6,0,3
BRDA:63,7,0,12
BRDA:64,8,0,15
BRDA:67,9,0,3
BRDA:68,10,0,12
BRDA:69,11,0,15
BRDA:72,12,0,2
BRDA:73,13,0,6
BRDA:76,14,0,1
BRDA:80,15,0,1
BRDA:87,16,0,1
BRDA:97,17,0,1
BRDA:98,18,0,1
BRDA:104,19,0,4
BRDA:105,20,0,1
BRDA:109,21,0,1
BRF:22
BRH:22
end_of_record
TN:
SF:packages/extraction/src/index.ts
FNF:0
FNH:0
DA:1,1
LF:1
LH:1
BRF:0
BRH:0
end_of_record
TN:
SF:packages/extraction/src/schema.ts
FN:24,proposalFieldSchema
FN:68,buildExtractionUserPrompt
FN:83,applyEvidencePenalty
FN:93,fieldsNeedingReview
FNF:4
FNH:3
FNDA:14,proposalFieldSchema
FNDA:1,buildExtractionUserPrompt
FNDA:7,applyEvidencePenalty
FNDA:0,fieldsNeedingReview
DA:1,1
DA:3,1
DA:5,1
DA:6,1
DA:7,1
DA:8,1
DA:9,1
DA:11,1
DA:12,1
DA:13,1
DA:14,1
DA:15,1
DA:16,1
DA:18,1
DA:19,1
DA:20,1
DA:21,1
DA:22,1
DA:24,1
DA:25,14
DA:26,14
DA:27,14
DA:28,14
DA:29,14
DA:30,14
DA:31,14
DA:33,1
DA:34,1
DA:35,1
DA:36,1
DA:37,1
DA:38,1
DA:39,1
DA:40,1
DA:41,1
DA:43,1
DA:44,1
DA:45,1
DA:46,1
DA:47,1
DA:48,1
DA:49,1
DA:50,1
DA:61,1
DA:63,1
DA:68,1
DA:73,1
DA:74,1
DA:75,1
DA:77,1
DA:78,1
DA:81,1
DA:83,1
DA:84,7
DA:85,7
DA:86,7
DA:87,7
DA:88,7
DA:89,7
DA:90,0
DA:91,0
DA:93,1
DA:94,0
DA:95,0
DA:96,0
DA:98,1
DA:99,1
DA:100,1
DA:101,1
DA:102,1
DA:103,1
DA:104,1
DA:105,1
DA:106,1
LF:74
LH:69
BRDA:24,0,0,14
BRDA:68,1,0,1
BRDA:83,2,0,7
BRDA:89,3,0,0
BRF:4
BRH:3
end_of_record
TN:
SF:packages/llm/src/index.ts
FN:39,StructuredLlmService
FN:41,completeStructured
FN:68,<instance_members_initializer>
FN:70,completeRaw
FN:115,GeminiProvider
FN:117,<instance_members_initializer>
FN:119,completeRaw
FN:141,OpenAiProvider
FN:143,<instance_members_initializer>
FN:145,completeRaw
FN:167,AnthropicProvider
FN:169,<instance_members_initializer>
FN:171,completeRaw
FN:193,createLlmService
FN:203,inputHash
FN:207,parseJsonObject
FN:217,assertKey
FNF:17
FNH:7
FNDA:1,StructuredLlmService
FNDA:1,completeStructured
FNDA:1,<instance_members_initializer>
FNDA:1,completeRaw
FNDA:0,GeminiProvider
FNDA:0,<instance_members_initializer>
FNDA:0,completeRaw
FNDA:0,OpenAiProvider
FNDA:0,<instance_members_initializer>
FNDA:0,completeRaw
FNDA:0,AnthropicProvider
FNDA:0,<instance_members_initializer>
FNDA:0,completeRaw
FNDA:1,createLlmService
FNDA:1,inputHash
FNDA:1,parseJsonObject
FNDA:0,assertKey
DA:1,1
DA:38,1
DA:39,1
DA:41,1
DA:42,1
DA:43,1
DA:45,1
DA:46,1
DA:47,1
DA:48,1
DA:49,0
DA:50,1
DA:51,1
DA:52,1
DA:53,1
DA:54,1
DA:55,1
DA:56,0
DA:57,0
DA:58,1
DA:60,0
DA:61,1
DA:62,1
DA:64,1
DA:65,1
DA:67,1
DA:68,1
DA:70,1
DA:71,1
DA:72,1
DA:77,1
DA:78,1
DA:79,1
DA:80,1
DA:81,1
DA:82,1
DA:83,1
DA:84,1
DA:85,1
DA:86,1
DA:88,0
DA:89,0
DA:90,0
DA:91,0
DA:92,0
DA:93,0
DA:94,0
DA:95,0
DA:96,0
DA:97,0
DA:98,0
DA:99,0
DA:100,0
DA:101,0
DA:102,0
DA:103,0
DA:104,0
DA:105,0
DA:106,0
DA:107,0
DA:108,0
DA:109,0
DA:110,1
DA:111,1
DA:113,1
DA:114,1
DA:115,1
DA:116,0
DA:117,0
DA:119,1
DA:120,0
DA:121,0
DA:122,0
DA:123,0
DA:124,0
DA:125,0
DA:126,0
DA:127,0
DA:128,0
DA:129,0
DA:130,0
DA:131,0
DA:132,0
DA:133,0
DA:134,0
DA:135,0
DA:136,0
DA:137,1
DA:139,1
DA:140,1
DA:141,1
DA:142,0
DA:143,0
DA:145,1
DA:146,0
DA:147,0
DA:148,0
DA:149,0
DA:150,0
DA:151,0
DA:152,0
DA:153,0
DA:154,0
DA:155,0
DA:156,0
DA:157,0
DA:158,0
DA:159,0
DA:160,0
DA:161,0
DA:162,0
DA:163,1
DA:165,1
DA:166,1
DA:167,1
DA:168,0
DA:169,0
DA:171,1
DA:172,0
DA:173,0
DA:174,0
DA:175,0
DA:176,0
DA:177,0
DA:178,0
DA:179,0
DA:180,0
DA:181,0
DA:182,0
DA:183,0
DA:184,0
DA:185,0
DA:186,0
DA:187,0
DA:188,0
DA:189,0
DA:190,0
DA:191,1
DA:193,1
DA:194,1
DA:195,1
DA:197,1
DA:198,0
DA:199,0
DA:200,1
DA:201,1
DA:203,1
DA:204,1
DA:205,1
DA:207,1
DA:208,1
DA:209,1
DA:210,1
DA:211,0
DA:212,0
DA:213,0
DA:214,0
DA:215,1
DA:217,0
DA:218,0
DA:219,0
LF:161
LH:67
BRDA:39,0,0,1
BRDA:41,1,0,1
BRDA:42,2,0,0
BRDA:48,3,0,0
BRDA:55,4,0,0
BRDA:58,5,0,0
BRDA:68,6,0,1
BRDA:70,7,0,1
BRDA:71,8,0,0
BRDA:86,9,0,0
BRDA:117,10,0,0
BRDA:143,11,0,0
BRDA:169,12,0,0
BRDA:193,13,0,1
BRDA:194,14,0,0
BRDA:197,15,0,0
BRDA:203,16,0,1
BRDA:207,17,0,1
BRDA:210,18,0,0
BRF:19
BRH:7
end_of_record
TN:
SF:packages/matching/src/index.ts
FN:66,matchRecording
FNF:1
FNH:1
FNDA:5,matchRecording
DA:1,1
DA:66,1
DA:67,5
DA:68,5
DA:70,5
DA:71,20
DA:72,20
DA:73,20
DA:74,20
DA:75,20
DA:76,0
DA:77,0
DA:78,20
DA:80,20
DA:81,20
DA:82,0
DA:84,20
DA:85,20
DA:86,20
DA:87,20
DA:88,20
DA:90,20
DA:91,20
DA:92,20
DA:93,20
DA:94,20
DA:95,20
DA:96,0
DA:97,20
DA:98,20
DA:99,20
DA:101,20
DA:103,20
DA:104,20
DA:105,20
DA:106,20
DA:107,20
DA:108,20
DA:109,20
DA:110,20
DA:111,20
DA:112,20
DA:113,5
DA:115,5
DA:116,5
LF:45
LH:41
BRDA:66,0,0,5
BRDA:68,1,0,20
BRDA:70,2,0,20
BRDA:81,3,0,0
BRDA:93,4,0,0
BRDA:95,5,0,0
BRDA:98,6,0,0
BRDA:105,7,0,0
BRDA:106,8,0,0
BRDA:107,9,0,0
BRDA:71,10,0,50
BRDA:73,11,0,80
BRDA:81,12,0,25
BRDA:115,13,0,22
BRF:14
BRH:7
end_of_record
TN:
SF:packages/matching/src/parse.ts
FN:4,extractUkPostcodes
FN:9,extractStreetAddresses
FN:19,extractContactNames
FN:24,normalizePostcode
FN:30,jaroWinkler
FNF:5
FNH:0
FNDA:0,extractUkPostcodes
FNDA:0,extractStreetAddresses
FNDA:0,extractContactNames
FNDA:0,normalizePostcode
FNDA:0,jaroWinkler
DA:1,1
DA:2,1
DA:4,1
DA:5,0
DA:6,0
DA:7,0
DA:9,1
DA:10,0
DA:11,0
DA:12,0
DA:13,0
DA:14,0
DA:15,0
DA:16,0
DA:17,0
DA:19,1
DA:20,0
DA:21,0
DA:22,0
DA:24,1
DA:25,0
DA:26,0
DA:27,0
DA:28,0
DA:30,1
DA:31,0
DA:32,0
DA:34,0
DA:35,0
DA:36,0
DA:37,0
DA:38,0
DA:40,0
DA:41,0
DA:42,0
DA:43,0
DA:44,0
DA:45,0
DA:46,0
DA:47,0
DA:48,0
DA:49,0
DA:50,0
DA:51,0
DA:53,0
DA:55,0
DA:56,0
DA:57,0
DA:58,0
DA:59,0
DA:60,0
DA:61,0
DA:62,0
DA:64,0
DA:65,0
DA:66,0
DA:68,0
DA:69,0
DA:70,0
DA:71,0
DA:72,0
DA:74,0
DA:75,0
LF:63
LH:7
BRF:0
BRH:0
end_of_record
TN:
SF:packages/matching/src/scoring.ts
FN:1,appointmentProximityScore
FN:11,minutesBetween
FN:20,addressMatchScore
FN:52,extractPrimaryHouseNumber
FN:66,fuzzyStreetInText
FN:73,userMatchScore
FN:84,contactNameMatchScore
FN:95,titleMatchScore
FN:123,weightedConfidence
FN:133,classifyQueue
FN:139,signalChips
FNF:11
FNH:11
FNDA:26,appointmentProximityScore
FNDA:20,minutesBetween
FNDA:22,addressMatchScore
FNDA:22,extractPrimaryHouseNumber
FNDA:22,fuzzyStreetInText
FNDA:20,userMatchScore
FNDA:20,contactNameMatchScore
FNDA:20,titleMatchScore
FNDA:21,weightedConfidence
FNDA:20,classifyQueue
FNDA:20,signalChips
DA:1,1
DA:2,26
DA:3,26
DA:4,26
DA:5,26
DA:6,26
DA:7,26
DA:8,8
DA:9,8
DA:11,1
DA:12,20
DA:13,20
DA:20,1
DA:21,22
DA:22,22
DA:23,22
DA:24,22
DA:25,22
DA:26,22
DA:27,22
DA:29,22
DA:30,22
DA:32,22
DA:33,22
DA:34,22
DA:36,22
DA:37,22
DA:38,12
DA:39,12
DA:41,22
DA:42,22
DA:43,22
DA:44,22
DA:45,18
DA:46,15
DA:47,22
DA:49,22
DA:50,22
DA:52,22
DA:53,22
DA:54,22
DA:55,22
DA:56,22
DA:57,22
DA:58,22
DA:59,22
DA:60,62
DA:61,62
DA:62,62
DA:63,15
DA:64,15
DA:66,22
DA:67,22
DA:68,22
DA:69,22
DA:70,22
DA:71,22
DA:73,1
DA:74,20
DA:75,20
DA:76,20
DA:77,20
DA:78,7
DA:79,7
DA:80,20
DA:81,7
DA:82,7
DA:84,1
DA:85,20
DA:86,20
DA:87,20
DA:88,20
DA:89,20
DA:90,20
DA:91,20
DA:92,0
DA:93,0
DA:95,1
DA:96,20
DA:97,20
DA:98,20
DA:99,20
DA:100,18
DA:101,18
DA:102,20
DA:103,20
DA:114,1
DA:115,1
DA:116,1
DA:117,1
DA:118,1
DA:119,1
DA:120,1
DA:121,1
DA:123,1
DA:124,21
DA:125,21
DA:126,126
DA:127,126
DA:128,21
DA:129,21
DA:133,1
DA:134,20
DA:135,20
DA:136,15
DA:137,15
DA:139,1
DA:140,20
DA:141,20
DA:142,13
DA:143,13
DA:144,20
DA:145,11
DA:146,11
DA:147,20
DA:148,13
DA:149,13
DA:150,20
DA:151,20
DA:152,20
DA:153,20
DA:154,6
DA:155,6
DA:156,20
DA:157,0
DA:158,0
DA:159,20
DA:160,20
LF:128
LH:124
BRDA:1,0,0,26
BRDA:3,1,0,24
BRDA:3,2,0,7
BRDA:3,3,0,19
BRDA:4,4,0,2
BRDA:4,5,0,17
BRDA:5,6,0,2
BRDA:5,7,0,15
BRDA:6,8,0,2
BRDA:6,9,0,13
BRDA:7,10,0,18
BRDA:7,11,0,5
BRDA:7,12,0,8
BRDA:11,13,0,20
BRDA:20,14,0,22
BRDA:25,15,0,1
BRDA:30,16,0,10
BRDA:33,17,0,0
BRDA:34,18,0,0
BRDA:34,19,0,0
BRDA:37,20,0,20
BRDA:37,21,0,10
BRDA:37,22,0,12
BRDA:38,23,0,0
BRDA:39,24,0,1
BRDA:44,25,0,21
BRDA:44,26,0,4
BRDA:44,27,0,18
BRDA:45,28,0,4
BRDA:45,29,0,3
BRDA:45,30,0,15
BRDA:46,31,0,3
BRDA:46,32,0,3
BRDA:52,33,0,22
BRDA:53,34,0,0
BRDA:59,35,0,62
BRDA:61,36,0,7
BRDA:62,37,0,15
BRDA:66,38,0,22
BRDA:68,39,0,0
BRDA:69,40,0,44
BRDA:73,41,0,20
BRDA:74,42,0,0
BRDA:76,43,0,13
BRDA:76,44,0,7
BRDA:77,45,0,0
BRDA:77,46,0,7
BRDA:80,47,0,7
BRDA:80,48,0,0
BRDA:80,49,0,7
BRDA:84,50,0,20
BRDA:89,51,0,5
BRDA:89,52,0,15
BRDA:90,53,0,0
BRDA:90,54,0,15
BRDA:91,55,0,15
BRDA:91,56,0,0
BRDA:95,57,0,20
BRDA:96,58,0,0
BRDA:99,59,0,2
BRDA:99,60,0,18
BRDA:102,61,0,0
BRDA:100,62,0,54
BRDA:101,63,0,36
BRDA:123,64,0,21
BRDA:125,65,0,126
BRDA:133,66,0,20
BRDA:134,67,0,2
BRDA:134,68,0,18
BRDA:135,69,0,3
BRDA:135,70,0,15
BRDA:139,71,0,20
BRDA:141,72,0,13
BRDA:144,73,0,11
BRDA:147,74,0,13
BRDA:153,75,0,6
BRDA:156,76,0,0
BRF:77
BRH:63
end_of_record
TN:
SF:packages/plaud/src/api-plaud.adapter.ts
FN:12,ApiPlaudAdapter
FN:12,<instance_members_initializer>
FN:14,assertConfigured
FN:22,headers
FN:30,listRecordings
FN:44,fetchRecording
FN:56,verifyWebhook
FNF:7
FNH:0
FNDA:0,ApiPlaudAdapter
FNDA:0,<instance_members_initializer>
FNDA:0,assertConfigured
FNDA:0,headers
FNDA:0,listRecordings
FNDA:0,fetchRecording
FNDA:0,verifyWebhook
DA:9,1
DA:10,1
DA:12,1
DA:14,1
DA:15,0
DA:16,0
DA:17,0
DA:18,0
DA:19,0
DA:20,0
DA:22,1
DA:23,0
DA:24,0
DA:25,0
DA:26,0
DA:27,0
DA:28,0
DA:30,1
DA:31,0
DA:32,0
DA:33,0
DA:35,0
DA:36,0
DA:37,0
DA:38,0
DA:40,0
DA:41,0
DA:42,0
DA:44,1
DA:45,0
DA:46,0
DA:47,0
DA:48,0
DA:49,0
DA:50,0
DA:51,0
DA:52,0
DA:53,0
DA:54,0
DA:56,1
DA:57,0
DA:58,0
DA:59,0
DA:60,1
LF:44
LH:9
BRF:0
BRH:0
end_of_record
TN:
SF:packages/plaud/src/index.ts
FN:12,createPlaudAdapterFromEnv
FNF:1
FNH:1
FNDA:2,createPlaudAdapterFromEnv
DA:1,1
DA:12,1
DA:13,2
DA:14,2
DA:15,0
DA:16,0
DA:17,2
DA:18,2
DA:19,2
DA:20,2
LF:10
LH:8
BRDA:12,0,0,2
BRDA:14,1,0,0
BRDA:17,2,0,0
BRDA:18,3,0,0
BRF:4
BRH:1
end_of_record
TN:
SF:packages/plaud/src/mock-plaud.adapter.ts
FN:10,<instance_members_initializer>
FN:13,MockPlaudAdapter
FN:21,listRecordings
FN:29,fetchRecording
FNF:4
FNH:3
FNDA:3,<instance_members_initializer>
FNDA:3,MockPlaudAdapter
FNDA:3,listRecordings
FNDA:0,fetchRecording
DA:1,1
DA:6,1
DA:7,1
DA:9,1
DA:10,1
DA:11,3
DA:13,1
DA:14,3
DA:15,3
DA:16,15
DA:17,15
DA:18,15
DA:19,3
DA:21,1
DA:22,3
DA:23,3
DA:24,0
DA:25,0
DA:26,0
DA:27,3
DA:29,1
DA:30,0
DA:31,0
DA:32,0
DA:33,0
DA:34,1
LF:26
LH:19
BRDA:10,0,0,3
BRDA:13,1,0,3
BRDA:15,2,0,15
BRDA:15,3,0,15
BRDA:21,4,0,3
BRDA:23,5,0,0
BRDA:23,6,0,21
BRF:7
BRH:6
end_of_record
TN:
SF:packages/plaud/src/plaud-provider.interface.ts
FN:1,(empty-report)
FNF:1
FNH:1
FNDA:1,(empty-report)
LF:0
LH:0
BRDA:1,0,0,1
BRF:1
BRH:1
end_of_record
TN:
SF:packages/plaud/src/upload-plaud.adapter.ts
FN:12,<instance_members_initializer>
FN:15,listRecordings
FN:19,fetchRecording
FN:25,ingestUpload
FN:41,parseTextFile
FN:55,getUploadAdapter
FNF:6
FNH:4
FNDA:1,<instance_members_initializer>
FNDA:0,listRecordings
FNDA:0,fetchRecording
FNDA:1,ingestUpload
FNDA:1,parseTextFile
FNDA:1,getUploadAdapter
DA:11,1
DA:12,1
DA:13,1
DA:15,1
DA:16,0
DA:17,0
DA:19,1
DA:20,0
DA:21,0
DA:22,0
DA:23,0
DA:25,1
DA:26,1
DA:27,1
DA:28,1
DA:29,1
DA:30,1
DA:31,1
DA:32,1
DA:33,1
DA:34,1
DA:35,1
DA:36,1
DA:37,1
DA:38,1
DA:39,1
DA:41,1
DA:42,1
DA:43,1
DA:44,1
DA:45,1
DA:46,1
DA:47,1
DA:48,1
DA:49,1
DA:50,1
DA:53,1
DA:55,1
DA:56,1
DA:57,1
DA:58,1
LF:41
LH:35
BRDA:12,0,0,1
BRDA:25,1,0,1
BRDA:29,2,0,0
BRDA:30,3,0,0
BRDA:41,4,0,1
BRDA:42,5,0,0
BRDA:47,6,0,0
BRDA:55,7,0,1
BRF:8
BRH:4
end_of_record
